-1.000000000000000000e+00 -1.118770124212806541e-02
-9.797979797979797789e-01 -7.456378708897035308e-03
-9.595959595959595578e-01 -1.709461943107161604e-03
-9.393939393939394478e-01 3.936730622981905693e-04
-9.191919191919192267e-01 5.248732229385080252e-03
-8.989898989898990056e-01 1.108394178138303113e-02
-8.787878787878787845e-01 1.713609439358985964e-02
-8.585858585858585634e-01 2.124340122252608293e-02
-8.383838383838383423e-01 2.561343002173277483e-02
-8.181818181818181213e-01 3.110609589296046279e-02
-7.979797979797980112e-01 3.318893964717489070e-02
-7.777777777777777901e-01 3.715556485303242451e-02
-7.575757575757575690e-01 4.049019428658786474e-02
-7.373737373737373479e-01 4.030340145879735686e-02
-7.171717171717171269e-01 4.308264125273887635e-02
-6.969696969696970168e-01 4.492050014283410775e-02
-6.767676767676766847e-01 4.271613023837747547e-02
-6.565656565656565746e-01 3.714718885883950411e-02
-6.363636363636363535e-01 3.493605221143049333e-02
-6.161616161616161325e-01 3.158758732483778892e-02
-5.959595959595959114e-01 1.361690685117020010e-02
-5.757575757575756903e-01 1.035865141759004585e-02
-5.555555555555555802e-01 8.042325301770110110e-03
-5.353535353535352481e-01 4.097820048405463947e-03
-5.151515151515151381e-01 1.272256275765234687e-03
-4.949494949494949170e-01 -1.641392339819589333e-03
-4.747474747474746959e-01 -4.353008002936276447e-03
-4.545454545454544748e-01 -7.167664228444207801e-03
-4.343434343434342537e-01 -1.029206494804632555e-02
-4.141414141414141437e-01 -1.203121024319971782e-02
-3.939393939393939226e-01 -1.517214966535210437e-02
-3.737373737373737015e-01 -1.694561794116898265e-02
-3.535353535353534804e-01 -1.821489012164070193e-02
-3.333333333333332593e-01 -2.097023537916671218e-02
-3.131313131313130382e-01 -2.131531833131328213e-02
-2.929292929292928171e-01 -2.132696872586372500e-02
-2.727272727272727071e-01 -2.319439126051716510e-02
-2.525252525252524860e-01 -2.574791337227539181e-02
-2.323232323232322649e-01 -2.612303726118070032e-02
-2.121212121212120438e-01 -2.586682560161911865e-02
-1.919191919191918227e-01 -2.847099455704676929e-02
-1.717171717171716017e-01 -2.698253528728239772e-02
-1.515151515151514916e-01 -2.493593055571698483e-02
-1.313131313131312705e-01 -2.309005873918838075e-02
-1.111111111111110494e-01 -2.047969369256238611e-02
-9.090909090909082835e-02 -1.708347178542251807e-02
-7.070707070707060726e-02 -1.339780238687573316e-02
-5.050505050505038618e-02 -9.909644634442582242e-03
-3.030303030303027612e-02 -6.045218736599678594e-03
-1.010101010101005503e-02 -1.819920286509350794e-03
1.010101010101016605e-02 1.819920286505868554e-03
3.030303030303049816e-02 6.045218736596245576e-03
5.050505050505060822e-02 9.909644634439291472e-03
7.070707070707071829e-02 1.339780238687249617e-02
9.090909090909105039e-02 1.708347178541950312e-02
1.111111111111111605e-01 2.047969369255922545e-02
1.313131313131314926e-01 2.309005873918522009e-02
1.515151515151516026e-01 2.493593055571415029e-02
1.717171717171717127e-01 2.698253528727891440e-02
1.919191919191920448e-01 2.847099455704382720e-02
2.121212121212121549e-01 2.586682560161554859e-02
2.323232323232324870e-01 2.612303726117788313e-02
2.525252525252525970e-01 2.574791337227205421e-02
2.727272727272729291e-01 2.319439126051456301e-02
2.929292929292930392e-01 2.132696872586055045e-02
3.131313131313131493e-01 2.131531833131080148e-02
3.333333333333334814e-01 2.097023537916331906e-02
3.535353535353535914e-01 1.821489012163818311e-02
3.737373737373739235e-01 1.694561794116547504e-02
3.939393939393940336e-01 1.517214966534952657e-02
4.141414141414143657e-01 1.203121024319621195e-02
4.343434343434344758e-01 1.029206494804377550e-02
4.545454545454545858e-01 7.167664228441178106e-03
4.747474747474749179e-01 4.353008002933642269e-03
4.949494949494950280e-01 1.641392339816899210e-03
5.151515151515153601e-01 -1.272256275767981188e-03
5.353535353535354702e-01 -4.097820048408551755e-03
5.555555555555555802e-01 -8.042325301772601173e-03
5.757575757575759123e-01 -1.035865141759330019e-02
5.959595959595960224e-01 -1.361690685117271891e-02
6.161616161616163545e-01 -3.158758732484100162e-02
6.363636363636364646e-01 -3.493605221143285949e-02
6.565656565656567967e-01 -3.714718885884207844e-02
6.767676767676769067e-01 -4.271613023837989714e-02
6.969696969696970168e-01 -4.492050014283605064e-02
7.171717171717173489e-01 -4.308264125274061801e-02
7.373737373737374590e-01 -4.030340145879945934e-02
7.575757575757577911e-01 -4.049019428658962028e-02
7.777777777777779011e-01 -3.715556485303436046e-02
7.979797979797982332e-01 -3.318893964717650052e-02
8.181818181818183433e-01 -3.110609589296237792e-02
8.383838383838384534e-01 -2.561343002173436731e-02
8.585858585858587855e-01 -2.124340122252767193e-02
8.787878787878788955e-01 -1.713609439359149028e-02
8.989898989898992276e-01 -1.108394178138441717e-02
9.191919191919193377e-01 -5.248732229386682269e-03
9.393939393939394478e-01 -3.936730623002360251e-04
9.595959595959597799e-01 1.709461943105451817e-03
9.797979797979798899e-01 7.456378708895181756e-03
1.000000000000000000e+00 1.118770124212608782e-02
